<?xml version="1.0" encoding="UTF-8" ?>
<testsuite tests="5" failures="0" name="com.capg.test.bankapp.BankAppTest" time="0.168" errors="1" skipped="0">
  <properties>
[...]
</properties>
  <testcase classname="com.capg.test.bankapp.BankAppTest" name="test_CreateAccountMethod_with_null_customer" time="0.133"/>
  <testcase classname="com.capg.test.bankapp.BankAppTest" name="test_CreateAccountMethod_with_Invalid_openingBalance" time="0"/>
  <testcase classname="com.capg.test.bankapp.BankAppTest" name="test_loop" time="0.015">
    <error message="test timed out after 2 milliseconds" type="org.junit.runners.model.TestTimedOutException">org.junit.runners.model.TestTimedOutException: test timed out after 2 milliseconds
	at com.capg.test.bankapp.BankAppTest.test_loop(BankAppTest.java:110)
	at sun.reflect.NativeMethodAccessorImpl.invoke0(Native Method)
	at sun.reflect.NativeMethodAccessorImpl.invoke(NativeMethodAccessorImpl.java:62)
	at sun.reflect.DelegatingMethodAccessorImpl.invoke(DelegatingMethodAccessorImpl.java:43)
	at java.lang.reflect.Method.invoke(Method.java:497)
	at org.junit.runners.model.FrameworkMethod$1.runReflectiveCall(FrameworkMethod.java:50)
	at org.junit.internal.runners.model.ReflectiveCallable.run(ReflectiveCallable.java:12)
	at org.junit.runners.model.FrameworkMethod.invokeExplosively(FrameworkMethod.java:47)
	at org.junit.internal.runners.statements.InvokeMethod.evaluate(InvokeMethod.java:17)
	at org.junit.internal.runners.statements.FailOnTimeout$CallableStatement.call(FailOnTimeout.java:298)
	at org.junit.internal.runners.statements.FailOnTimeout$CallableStatement.call(FailOnTimeout.java:292)
	at java.util.concurrent.FutureTask.run(FutureTask.java:266)
	at java.lang.Thread.run(Thread.java:745)
</error>
  </testcase>
  <testcase classname="com.capg.test.bankapp.BankAppTest" name="test_createAccountMethod_withValidCustomerAndBalance" time="0.019"/>
  <testcase classname="com.capg.test.bankapp.BankAppTest" name="test_depositMethod_with_valid_openingBalance" time="0.001"/>
</testsuite>